<?xml version="1.0" encoding="UTF-8"?>
<!-- Generated by org.testng.reporters.JUnitReportReporter -->
<testsuite hostname="abhijet" failures="0" tests="4" name="testNGpackage.TestNGclass2" time="0.021" errors="0" timestamp="2023-02-05T18:06:17 IST" skipped="0">
  <testcase classname="testNGpackage.TestNGclass2" name="testB" time="0.002"/>
  <system-out/>
  <testcase classname="testNGpackage.TestNGclass2" name="testA" time="0.014"/>
  <system-out/>
  <testcase classname="testNGpackage.TestNGclass2" name="testC" time="0.002"/>
  <system-out/>
  <testcase classname="testNGpackage.TestNGclass2" name="testD" time="0.003"/>
  <system-out/>
</testsuite> <!-- testNGpackage.TestNGclass2 -->
